c:\users\garkus\patterns\algo\debug\vc100.pdb
c:\users\garkus\patterns\algo\debug\main.obj
c:\users\garkus\patterns\debug\algo.ilk
c:\users\garkus\patterns\debug\algo.exe
c:\users\garkus\patterns\algo\debug\algo.exe.intermediate.manifest
c:\users\garkus\patterns\debug\algo.pdb
c:\users\garkus\patterns\algo\debug\vc140.pdb
c:\users\garkus\patterns\algo\debug\vc140.idb
c:\users\garkus\patterns\algo\debug\algo.vcxprojresolveassemblyreference.cache
c:\users\garkus\patterns\algo\debug\algo.write.1.tlog
c:\users\garkus\patterns\algo\debug\cl.command.1.tlog
c:\users\garkus\patterns\algo\debug\cl.read.1.tlog
c:\users\garkus\patterns\algo\debug\cl.write.1.tlog
c:\users\garkus\patterns\algo\debug\link.command.1.tlog
c:\users\garkus\patterns\algo\debug\link.read.1.tlog
c:\users\garkus\patterns\algo\debug\link.write.1.tlog
c:\users\garkus\patterns\algo\debug\mt.command.1.tlog
c:\users\garkus\patterns\algo\debug\mt.read.1.tlog
c:\users\garkus\patterns\algo\debug\mt.write.1.tlog
c:\users\garkus\patterns\algo\debug\vc100.idb
c:\users\garkus\patterns\algo\debug\algo.tlog\cl.command.1.tlog
c:\users\garkus\patterns\algo\debug\algo.tlog\cl.read.1.tlog
c:\users\garkus\patterns\algo\debug\algo.tlog\cl.write.1.tlog
c:\users\garkus\patterns\algo\debug\algo.tlog\link-cvtres.read.1.tlog
c:\users\garkus\patterns\algo\debug\algo.tlog\link-cvtres.write.1.tlog
c:\users\garkus\patterns\algo\debug\algo.tlog\link-rc.read.1.tlog
c:\users\garkus\patterns\algo\debug\algo.tlog\link-rc.write.1.tlog
c:\users\garkus\patterns\algo\debug\algo.tlog\link.command.1.tlog
c:\users\garkus\patterns\algo\debug\algo.tlog\link.read.1.tlog
c:\users\garkus\patterns\algo\debug\algo.tlog\link.write.1.tlog
