c:\users\garkus\patterns\patterns\debug\main.obj
c:\users\garkus\patterns\patterns\debug\vc100.pdb
c:\users\garkus\patterns\debug\patterns.ilk
c:\users\garkus\patterns\debug\patterns.exe
c:\users\garkus\patterns\patterns\debug\patterns.exe.intermediate.manifest
c:\users\garkus\patterns\debug\patterns.pdb
c:\users\garkus\patterns\patterns\debug\vc140.pdb
c:\users\garkus\patterns\patterns\debug\vc140.idb
c:\users\garkus\patterns\patterns\debug\cl.command.1.tlog
c:\users\garkus\patterns\patterns\debug\cl.read.1.tlog
c:\users\garkus\patterns\patterns\debug\cl.write.1.tlog
c:\users\garkus\patterns\patterns\debug\link.command.1.tlog
c:\users\garkus\patterns\patterns\debug\link.read.1.tlog
c:\users\garkus\patterns\patterns\debug\link.write.1.tlog
c:\users\garkus\patterns\patterns\debug\mt.command.1.tlog
c:\users\garkus\patterns\patterns\debug\mt.read.1.tlog
c:\users\garkus\patterns\patterns\debug\mt.write.1.tlog
c:\users\garkus\patterns\patterns\debug\patterns.write.1.tlog
c:\users\garkus\patterns\patterns\debug\vc100.idb
c:\users\garkus\patterns\patterns\debug\patterns.tlog\cl.command.1.tlog
c:\users\garkus\patterns\patterns\debug\patterns.tlog\cl.read.1.tlog
c:\users\garkus\patterns\patterns\debug\patterns.tlog\cl.write.1.tlog
c:\users\garkus\patterns\patterns\debug\patterns.tlog\link-cvtres.read.1.tlog
c:\users\garkus\patterns\patterns\debug\patterns.tlog\link-cvtres.write.1.tlog
c:\users\garkus\patterns\patterns\debug\patterns.tlog\link-rc.read.1.tlog
c:\users\garkus\patterns\patterns\debug\patterns.tlog\link-rc.write.1.tlog
c:\users\garkus\patterns\patterns\debug\patterns.tlog\link.command.1.tlog
c:\users\garkus\patterns\patterns\debug\patterns.tlog\link.read.1.tlog
c:\users\garkus\patterns\patterns\debug\patterns.tlog\link.write.1.tlog
