c:\users\garkus\patterns\topcoder\debug\main.obj
c:\users\garkus\patterns\topcoder\debug\vc100.pdb
c:\users\garkus\patterns\debug\topcoder.ilk
c:\users\garkus\patterns\debug\topcoder.exe
c:\users\garkus\patterns\topcoder\debug\topcoder.exe.intermediate.manifest
c:\users\garkus\patterns\debug\topcoder.pdb
c:\users\garkus\patterns\topcoder\debug\vc140.pdb
c:\users\garkus\patterns\topcoder\debug\vc140.idb
c:\users\garkus\patterns\topcoder\debug\topcoder.vcxprojresolveassemblyreference.cache
c:\users\garkus\patterns\topcoder\debug\cl.command.1.tlog
c:\users\garkus\patterns\topcoder\debug\cl.read.1.tlog
c:\users\garkus\patterns\topcoder\debug\cl.write.1.tlog
c:\users\garkus\patterns\topcoder\debug\link.command.1.tlog
c:\users\garkus\patterns\topcoder\debug\link.read.1.tlog
c:\users\garkus\patterns\topcoder\debug\link.write.1.tlog
c:\users\garkus\patterns\topcoder\debug\mt.command.1.tlog
c:\users\garkus\patterns\topcoder\debug\mt.read.1.tlog
c:\users\garkus\patterns\topcoder\debug\mt.write.1.tlog
c:\users\garkus\patterns\topcoder\debug\topcoder.write.1.tlog
c:\users\garkus\patterns\topcoder\debug\vc100.idb
c:\users\garkus\patterns\topcoder\debug\topcoder.tlog\cl.command.1.tlog
c:\users\garkus\patterns\topcoder\debug\topcoder.tlog\cl.read.1.tlog
c:\users\garkus\patterns\topcoder\debug\topcoder.tlog\cl.write.1.tlog
c:\users\garkus\patterns\topcoder\debug\topcoder.tlog\link-cvtres.read.1.tlog
c:\users\garkus\patterns\topcoder\debug\topcoder.tlog\link-cvtres.write.1.tlog
c:\users\garkus\patterns\topcoder\debug\topcoder.tlog\link-rc.read.1.tlog
c:\users\garkus\patterns\topcoder\debug\topcoder.tlog\link-rc.write.1.tlog
c:\users\garkus\patterns\topcoder\debug\topcoder.tlog\link.command.1.tlog
c:\users\garkus\patterns\topcoder\debug\topcoder.tlog\link.read.1.tlog
c:\users\garkus\patterns\topcoder\debug\topcoder.tlog\link.write.1.tlog
