c:\users\garkus\patterns\utils\debug\main.obj
c:\users\garkus\patterns\utils\debug\vc100.pdb
c:\users\garkus\patterns\debug\utils.ilk
c:\users\garkus\patterns\debug\utils.exe
c:\users\garkus\patterns\utils\debug\utils.exe.intermediate.manifest
c:\users\garkus\patterns\debug\utils.pdb
c:\users\garkus\patterns\utils\debug\vc140.pdb
c:\users\garkus\patterns\utils\debug\vc140.idb
c:\users\garkus\patterns\utils\debug\utils.vcxprojresolveassemblyreference.cache
c:\users\garkus\patterns\utils\debug\cl.command.1.tlog
c:\users\garkus\patterns\utils\debug\cl.read.1.tlog
c:\users\garkus\patterns\utils\debug\cl.write.1.tlog
c:\users\garkus\patterns\utils\debug\link.command.1.tlog
c:\users\garkus\patterns\utils\debug\link.read.1.tlog
c:\users\garkus\patterns\utils\debug\link.write.1.tlog
c:\users\garkus\patterns\utils\debug\mt.command.1.tlog
c:\users\garkus\patterns\utils\debug\mt.read.1.tlog
c:\users\garkus\patterns\utils\debug\mt.write.1.tlog
c:\users\garkus\patterns\utils\debug\utils.write.1.tlog
c:\users\garkus\patterns\utils\debug\vc100.idb
c:\users\garkus\patterns\utils\debug\utils.tlog\cl.command.1.tlog
c:\users\garkus\patterns\utils\debug\utils.tlog\cl.read.1.tlog
c:\users\garkus\patterns\utils\debug\utils.tlog\cl.write.1.tlog
c:\users\garkus\patterns\utils\debug\utils.tlog\link-cvtres.read.1.tlog
c:\users\garkus\patterns\utils\debug\utils.tlog\link-cvtres.write.1.tlog
c:\users\garkus\patterns\utils\debug\utils.tlog\link-rc.read.1.tlog
c:\users\garkus\patterns\utils\debug\utils.tlog\link-rc.write.1.tlog
c:\users\garkus\patterns\utils\debug\utils.tlog\link.command.1.tlog
c:\users\garkus\patterns\utils\debug\utils.tlog\link.read.1.tlog
c:\users\garkus\patterns\utils\debug\utils.tlog\link.write.1.tlog
